<?xml version="1.0" encoding="UTF-8"?>
<testng-results ignored="0" total="1" passed="1" failed="0" skipped="0">
  <reporter-output>
  </reporter-output>
  <suite started-at="2022-06-06T07:48:12 IST" name="logintest" finished-at="2022-06-06T07:49:05 IST" duration-ms="52957">
    <groups>
    </groups>
    <test started-at="2022-06-06T07:48:12 IST" name="Test1" finished-at="2022-06-06T07:49:05 IST" duration-ms="52957">
      <class name="com.nopcommerce.Test.TC_nopcommerce_login_001">
        <test-method is-config="true" signature="setup()[pri:0, instance:com.nopcommerce.Test.TC_nopcommerce_login_001@223f3642]" started-at="2022-06-06T07:48:12 IST" name="setup" finished-at="2022-06-06T07:48:30 IST" duration-ms="18406" status="PASS">
          <reporter-output>
          </reporter-output>
        </test-method> <!-- setup -->
        <test-method signature="loginTest()[pri:0, instance:com.nopcommerce.Test.TC_nopcommerce_login_001@223f3642]" started-at="2022-06-06T07:48:30 IST" name="loginTest" finished-at="2022-06-06T07:49:01 IST" duration-ms="30632" status="PASS">
          <reporter-output>
          </reporter-output>
        </test-method> <!-- loginTest -->
        <test-method is-config="true" signature="teardown()[pri:0, instance:com.nopcommerce.Test.TC_nopcommerce_login_001@223f3642]" started-at="2022-06-06T07:49:01 IST" name="teardown" finished-at="2022-06-06T07:49:05 IST" duration-ms="3775" status="PASS">
          <reporter-output>
          </reporter-output>
        </test-method> <!-- teardown -->
      </class> <!-- com.nopcommerce.Test.TC_nopcommerce_login_001 -->
    </test> <!-- Test1 -->
  </suite> <!-- logintest -->
</testng-results>
